Exception in thread "AWT-EventQueue-0" java.lang.IndexOutOfBoundsException: Index 1 out of bounds for length 1
	at java.base/jdk.internal.util.Preconditions.outOfBounds(Preconditions.java:64)
	at java.base/jdk.internal.util.Preconditions.outOfBoundsCheckIndex(Preconditions.java:70)
	at java.base/jdk.internal.util.Preconditions.checkIndex(Preconditions.java:266)
	at java.base/java.util.Objects.checkIndex(Objects.java:359)
	at java.base/java.util.ArrayList.get(ArrayList.java:427)
	at java.desktop/javax.swing.JTabbedPane.getTabComponentAt(JTabbedPane.java:2465)
	at java.desktop/javax.swing.plaf.basic.BasicTabbedPaneUI.calculateTabHeight(BasicTabbedPaneUI.java:1978)
	at java.desktop/javax.swing.plaf.basic.BasicTabbedPaneUI.calculateMaxTabHeight(BasicTabbedPaneUI.java:2012)
	at java.desktop/javax.swing.plaf.metal.MetalTabbedPaneUI.calculateMaxTabHeight(MetalTabbedPaneUI.java:1245)
	at java.desktop/javax.swing.plaf.basic.BasicTabbedPaneUI$TabbedPaneLayout.calculateTabRects(BasicTabbedPaneUI.java:3010)
	at java.desktop/javax.swing.plaf.basic.BasicTabbedPaneUI$TabbedPaneLayout.calculateLayoutInfo(BasicTabbedPaneUI.java:2931)
	at java.desktop/javax.swing.plaf.basic.BasicTabbedPaneUI$TabbedPaneLayout.layoutContainer(BasicTabbedPaneUI.java:2823)
	at java.desktop/java.awt.Container.layout(Container.java:1541)
	at java.desktop/java.awt.Container.doLayout(Container.java:1530)
	at java.desktop/java.awt.Container.validateTree(Container.java:1725)
	at java.desktop/java.awt.Container.validateTree(Container.java:1734)
	at java.desktop/java.awt.Container.validateTree(Container.java:1734)
	at java.desktop/java.awt.Container.validateTree(Container.java:1734)
	at java.desktop/java.awt.Container.validate(Container.java:1660)
	at java.desktop/javax.swing.RepaintManager$3.run(RepaintManager.java:757)
	at java.desktop/javax.swing.RepaintManager$3.run(RepaintManager.java:755)
	at java.base/java.security.AccessController.doPrivileged(AccessController.java:399)
	at java.base/java.security.ProtectionDomain$JavaSecurityAccessImpl.doIntersectionPrivilege(ProtectionDomain.java:86)
	at java.desktop/javax.swing.RepaintManager.validateInvalidComponents(RepaintManager.java:754)
	at java.desktop/javax.swing.RepaintManager$ProcessingRunnable.run(RepaintManager.java:1897)
	at java.desktop/java.awt.event.InvocationEvent.dispatch(InvocationEvent.java:318)
	at java.desktop/java.awt.EventQueue.dispatchEventImpl(EventQueue.java:771)
	at java.desktop/java.awt.EventQueue$4.run(EventQueue.java:722)
	at java.desktop/java.awt.EventQueue$4.run(EventQueue.java:716)
	at java.base/java.security.AccessController.doPrivileged(AccessController.java:399)
	at java.base/java.security.ProtectionDomain$JavaSecurityAccessImpl.doIntersectionPrivilege(ProtectionDomain.java:86)
	at java.desktop/java.awt.EventQueue.dispatchEvent(EventQueue.java:741)
	at java.desktop/java.awt.EventDispatchThread.pumpOneEventForFilters(EventDispatchThread.java:203)
	at java.desktop/java.awt.EventDispatchThread.pumpEventsForFilter(EventDispatchThread.java:124)
	at java.desktop/java.awt.EventDispatchThread.pumpEventsForHierarchy(EventDispatchThread.java:113)
	at java.desktop/java.awt.EventDispatchThread.pumpEvents(EventDispatchThread.java:109)
	at java.desktop/java.awt.EventDispatchThread.pumpEvents(EventDispatchThread.java:101)
	at java.desktop/java.awt.EventDispatchThread.run(EventDispatchThread.java:90)
